0 info it worked if it ends with ok
1 verbose cli [ '/usr/bin/nodejs', '/usr/bin/npm', 'publish' ]
2 info using npm@3.5.2
3 info using node@v4.2.6
4 verbose publish [ '.' ]
5 silly cache add args [ '.', null ]
6 verbose cache add spec .
7 silly cache add parsed spec Result {
7 silly cache add   raw: '.',
7 silly cache add   scope: null,
7 silly cache add   name: null,
7 silly cache add   rawSpec: '.',
7 silly cache add   spec: '/root/rewpa',
7 silly cache add   type: 'directory' }
8 verbose addLocalDirectory /root/.npm/rewpa/0.3.1/package.tgz not in flight; packing
9 info lifecycle rewpa@0.3.1~prepublish: rewpa@0.3.1
10 silly lifecycle rewpa@0.3.1~prepublish: no script for prepublish, continuing
11 verbose tar pack [ '/root/.npm/rewpa/0.3.1/package.tgz', '/root/rewpa' ]
12 verbose tarball /root/.npm/rewpa/0.3.1/package.tgz
13 verbose folder /root/rewpa
14 verbose addLocalTarball adding from inside cache /root/.npm/rewpa/0.3.1/package.tgz
15 silly cache afterAdd rewpa@0.3.1
16 verbose afterAdd /root/.npm/rewpa/0.3.1/package/package.json not in flight; writing
17 verbose afterAdd /root/.npm/rewpa/0.3.1/package/package.json written
18 silly publish { name: 'rewpa',
18 silly publish   version: '0.3.1',
18 silly publish   description: 'Rewpa, Redux Reducer with JSON Path',
18 silly publish   main: 'lib/index.js',
18 silly publish   author: { name: 'Bai Yi' },
18 silly publish   license: 'MIT',
18 silly publish   scripts: { prepublishOnly: 'node_modules/babel-cli/bin/babel.js src --out-dir lib' },
18 silly publish   devDependencies:
18 silly publish    { 'babel-cli': '^6.24.1',
18 silly publish      'babel-core': '^6.24.1',
18 silly publish      'babel-loader': '^6.2.10',
18 silly publish      'babel-preset-es2015': '^6.24.1',
18 silly publish      'babel-preset-react': '^6.22.0',
18 silly publish      webpack: '^1.13.2' },
18 silly publish   dependencies: { lodash: '^4.17.4' },
18 silly publish   babel: { presets: [ 'es2015' ] },
18 silly publish   readme: '# Rewpa\n\nTBD\n\nGithub repo: https://github.com/yi-bai/rewpa\n',
18 silly publish   readmeFilename: 'README.md',
18 silly publish   gitHead: '77cb64b4dbb16bec4f73fcd411fc8c7e9a45564f',
18 silly publish   _id: 'rewpa@0.3.1',
18 silly publish   _shasum: '6b71261809c22199fb644cb9bf1c594b0d795190',
18 silly publish   _from: '.' }
19 verbose getPublishConfig undefined
20 silly mapToRegistry name rewpa
21 silly mapToRegistry using default registry
22 silly mapToRegistry registry https://registry.npmjs.org/
23 silly mapToRegistry uri https://registry.npmjs.org/rewpa
24 verbose publish registryBase https://registry.npmjs.org/
25 silly publish uploading /root/.npm/rewpa/0.3.1/package.tgz
26 verbose request uri https://registry.npmjs.org/rewpa
27 verbose request sending authorization for write operation
28 info attempt registry request try #1 at 12:47:34 PM
29 verbose request using bearer token for auth
30 verbose request id 7fb7ba279aef0dd7
31 http request PUT https://registry.npmjs.org/rewpa
32 http 403 https://registry.npmjs.org/rewpa
33 verbose headers { 'content-type': 'application/json',
33 verbose headers   'cache-control': 'max-age=300',
33 verbose headers   'content-length': '95',
33 verbose headers   'accept-ranges': 'bytes',
33 verbose headers   date: 'Sat, 20 May 2017 12:47:34 GMT',
33 verbose headers   via: '1.1 varnish',
33 verbose headers   connection: 'keep-alive',
33 verbose headers   'x-served-by': 'cache-sjc3640-SJC',
33 verbose headers   'x-cache': 'MISS',
33 verbose headers   'x-cache-hits': '0',
33 verbose headers   'x-timer': 'S1495284455.832675,VS0,VE130',
33 verbose headers   vary: 'Accept-Encoding' }
34 verbose request invalidating /root/.npm/registry.npmjs.org/rewpa on PUT
35 error publish Failed PUT 403
36 verbose stack Error: "You cannot publish over the previously published version 0.3.1." : rewpa
36 verbose stack     at makeError (/usr/share/npm/node_modules/npm-registry-client/lib/request.js:264:12)
36 verbose stack     at CachingRegistryClient.<anonymous> (/usr/share/npm/node_modules/npm-registry-client/lib/request.js:252:14)
36 verbose stack     at Request._callback (/usr/share/npm/node_modules/npm-registry-client/lib/request.js:172:14)
36 verbose stack     at Request.self.callback (/usr/share/npm/node_modules/request/request.js:198:22)
36 verbose stack     at emitTwo (events.js:87:13)
36 verbose stack     at Request.emit (events.js:172:7)
36 verbose stack     at Request.<anonymous> (/usr/share/npm/node_modules/request/request.js:1082:10)
36 verbose stack     at emitOne (events.js:82:20)
36 verbose stack     at Request.emit (events.js:169:7)
36 verbose stack     at IncomingMessage.<anonymous> (/usr/share/npm/node_modules/request/request.js:1009:12)
37 verbose statusCode 403
38 verbose pkgid rewpa
39 verbose cwd /root/rewpa
40 error Linux 4.4.0-45-generic
41 error argv "/usr/bin/nodejs" "/usr/bin/npm" "publish"
42 error node v4.2.6
43 error npm  v3.5.2
44 error code E403
45 error "You cannot publish over the previously published version 0.3.1." : rewpa
46 error If you need help, you may report this error at:
46 error     <https://github.com/npm/npm/issues>
47 verbose exit [ 1, true ]
